<?xml version="1.0" encoding="UTF-8"?>
<!-- Generated by org.testng.reporters.JUnitReportReporter -->
<testsuite hostname="AIM0889.local" failures="0" tests="1" name="TestRunner.Runner" time="30.348" errors="0" timestamp="11 Sep 2018 13:57:20 GMT" skipped="0">
  <testcase classname="TestRunner.Runner" name="feature" time="30.348"/>
</testsuite> <!-- TestRunner.Runner -->
